<?xml version="1.0" encoding="UTF-8"?>
<testng-results retried="1" ignored="0" total="11" passed="10" failed="0" skipped="0">
  <reporter-output>
    <line>
      <![CDATA[Started test Execution....C:/Users/CR876AU/Flight_System_Validations/src/main/java/Testcases.java]]>
    </line>
    <line>
      <![CDATA[TestCase started.... Login]]>
    </line>
    <line>
      <![CDATA[Clicking on the login element in the main page]]>
    </line>
    <line>
      <![CDATA[Entering the email/Mobile]]>
    </line>
    <line>
      <![CDATA[Clicking Continue button]]>
    </line>
    <line>
      <![CDATA[TestCase skipped.... Login]]>
    </line>
    <line>
      <![CDATA[TestCase started.... Login]]>
    </line>
    <line>
      <![CDATA[Clicking on the login element in the main page]]>
    </line>
    <line>
      <![CDATA[Entering the email/Mobile]]>
    </line>
    <line>
      <![CDATA[Clicking Continue button]]>
    </line>
    <line>
      <![CDATA[entering the password]]>
    </line>
    <line>
      <![CDATA[Clicking login button]]>
    </line>
    <line>
      <![CDATA[Logged in successfully and Welcome message verified]]>
    </line>
    <line>
      <![CDATA[TestCase Passed..... Login]]>
    </line>
    <line>
      <![CDATA[TestCase started.... searchItem]]>
    </line>
    <line>
      <![CDATA[Searching Apple iphone by entering text in Search box ]]>
    </line>
    <line>
      <![CDATA[Clicking on search Icon ]]>
    </line>
    <line>
      <![CDATA[Clicking on search Item ]]>
    </line>
    <line>
      <![CDATA[Verifying search item displayed on screen]]>
    </line>
    <line>
      <![CDATA[TestCase Passed..... searchItem]]>
    </line>
    <line>
      <![CDATA[TestCase started.... addToCart]]>
    </line>
    <line>
      <![CDATA[Clicking on add To cart Button ]]>
    </line>
    <line>
      <![CDATA[Verifying addToCart button displayed on screen]]>
    </line>
    <line>
      <![CDATA[TestCase Passed..... addToCart]]>
    </line>
    <line>
      <![CDATA[TestCase started.... checkOut]]>
    </line>
    <line>
      <![CDATA[Verifying checkOut button displayed on screen]]>
    </line>
    <line>
      <![CDATA[Clicking on checkOut Button ]]>
    </line>
    <line>
      <![CDATA[TestCase Passed..... checkOut]]>
    </line>
    <line>
      <![CDATA[TestCase started.... verifyCartProductSameAsSelected]]>
    </line>
    <line>
      <![CDATA[Verifying cart item name same as selected]]>
    </line>
    <line>
      <![CDATA[TestCase Passed..... verifyCartProductSameAsSelected]]>
    </line>
    <line>
      <![CDATA[TestCase started.... addMultipleItemsSameProduct]]>
    </line>
    <line>
      <![CDATA[Apple iphone added to the cart]]>
    </line>
    <line>
      <![CDATA[Apple iphone added to the cart again]]>
    </line>
    <line>
      <![CDATA[Verifying Apple iphone quantity is greater than 1]]>
    </line>
    <line>
      <![CDATA[TestCase Passed..... addMultipleItemsSameProduct]]>
    </line>
    <line>
      <![CDATA[TestCase started.... editQuantityOfProduct]]>
    </line>
    <line>
      <![CDATA[Quantity of Apple iphone changed]]>
    </line>
    <line>
      <![CDATA[Verifying Apple iphone quantity is changed to 4]]>
    </line>
    <line>
      <![CDATA[TestCase Passed..... editQuantityOfProduct]]>
    </line>
    <line>
      <![CDATA[TestCase started.... addMultipleItemsDifferentProduct]]>
    </line>
    <line>
      <![CDATA[Searching Lenovo 600]]>
    </line>
    <line>
      <![CDATA[Lenovo 600 added to the cart]]>
    </line>
    <line>
      <![CDATA[Verifying Apple iphone present in the cart]]>
    </line>
    <line>
      <![CDATA[Verifying Lenovo 600 present in the cart]]>
    </line>
    <line>
      <![CDATA[TestCase Passed..... addMultipleItemsDifferentProduct]]>
    </line>
    <line>
      <![CDATA[TestCase started.... DeleteMultipleItemsDifferentProduct]]>
    </line>
    <line>
      <![CDATA[Clicking on delete button for Lenovo 600]]>
    </line>
    <line>
      <![CDATA[Verifying Lenovo 600 removed from the cart]]>
    </line>
    <line>
      <![CDATA[Clicking on delete button for Apple iphone]]>
    </line>
    <line>
      <![CDATA[Verifying Apple iPhone 13 removed from cart]]>
    </line>
    <line>
      <![CDATA[TestCase Passed..... DeleteMultipleItemsDifferentProduct]]>
    </line>
    <line>
      <![CDATA[TestCase started.... deleteSingleItem]]>
    </line>
    <line>
      <![CDATA[Clicking on delete button for Apple iphone]]>
    </line>
    <line>
      <![CDATA[Verifying Apple iPhone 13 removed from cart]]>
    </line>
    <line>
      <![CDATA[TestCase Passed..... deleteSingleItem]]>
    </line>
  </reporter-output>
  <suite started-at="2023-01-31T13:43:31 IST" name="TestSuite" finished-at="2023-01-31T13:45:13 IST" duration-ms="102222">
    <groups>
    </groups>
    <test started-at="2023-01-31T13:43:31 IST" name="C:/Users/CR876AU/Flight_System_Validations/src/main/java/Testcases.java" finished-at="2023-01-31T13:45:13 IST" duration-ms="102222">
      <class name="Testcases">
        <test-method retried="true" signature="Login()[pri:0, instance:Testcases@5f8edcc5]" started-at="2023-01-31T13:43:31 IST" name="Login" finished-at="2023-01-31T13:43:52 IST" duration-ms="21363" status="SKIP">
          <exception class="org.openqa.selenium.TimeoutException">
            <message>
              <![CDATA[timeout: Timed out receiving message from renderer: 10.000
  (Session info: chrome=109.0.5414.120)
Build info: version: '4.7.2', revision: '4d4020c3b7'
System info: os.name: 'Windows 10', os.arch: 'amd64', os.version: '10.0', java.version: '11.0.16.1'
Driver info: org.openqa.selenium.chrome.ChromeDriver
Command: [1fa3b02cd1f91b1d028c0d15e451a118, clickElement {id=a5fc1704-e4a5-4ac7-a34b-3cb8a8f462cb}]
Capabilities {acceptInsecureCerts: false, browserName: chrome, browserVersion: 109.0.5414.120, chrome: {chromedriverVersion: 108.0.5359.71 (1e0e3868ee06..., userDataDir: C:\Users\CR876AU\AppData\Lo...}, goog:chromeOptions: {debuggerAddress: localhost:55278}, networkConnectionEnabled: false, pageLoadStrategy: normal, platformName: WINDOWS, proxy: Proxy(), se:cdp: ws://localhost:55278/devtoo..., se:cdpVersion: 109.0.5414.120, setWindowRect: true, strictFileInteractability: false, timeouts: {implicit: 0, pageLoad: 300000, script: 30000}, unhandledPromptBehavior: dismiss and notify, webauthn:extension:credBlob: true, webauthn:extension:largeBlob: true, webauthn:virtualAuthenticators: true}
Element: [[ChromeDriver: chrome on WINDOWS (1fa3b02cd1f91b1d028c0d15e451a118)] -> xpath: //input[@id="continue"]]
Session ID: 1fa3b02cd1f91b1d028c0d15e451a118]]>
            </message>
            <full-stacktrace>
              <![CDATA[org.openqa.selenium.TimeoutException: timeout: Timed out receiving message from renderer: 10.000
  (Session info: chrome=109.0.5414.120)
Build info: version: '4.7.2', revision: '4d4020c3b7'
System info: os.name: 'Windows 10', os.arch: 'amd64', os.version: '10.0', java.version: '11.0.16.1'
Driver info: org.openqa.selenium.chrome.ChromeDriver
Command: [1fa3b02cd1f91b1d028c0d15e451a118, clickElement {id=a5fc1704-e4a5-4ac7-a34b-3cb8a8f462cb}]
Capabilities {acceptInsecureCerts: false, browserName: chrome, browserVersion: 109.0.5414.120, chrome: {chromedriverVersion: 108.0.5359.71 (1e0e3868ee06..., userDataDir: C:\Users\CR876AU\AppData\Lo...}, goog:chromeOptions: {debuggerAddress: localhost:55278}, networkConnectionEnabled: false, pageLoadStrategy: normal, platformName: WINDOWS, proxy: Proxy(), se:cdp: ws://localhost:55278/devtoo..., se:cdpVersion: 109.0.5414.120, setWindowRect: true, strictFileInteractability: false, timeouts: {implicit: 0, pageLoad: 300000, script: 30000}, unhandledPromptBehavior: dismiss and notify, webauthn:extension:credBlob: true, webauthn:extension:largeBlob: true, webauthn:virtualAuthenticators: true}
Element: [[ChromeDriver: chrome on WINDOWS (1fa3b02cd1f91b1d028c0d15e451a118)] -> xpath: //input[@id="continue"]]
Session ID: 1fa3b02cd1f91b1d028c0d15e451a118
at java.base/jdk.internal.reflect.NativeConstructorAccessorImpl.newInstance0(Native Method)
at java.base/jdk.internal.reflect.NativeConstructorAccessorImpl.newInstance(NativeConstructorAccessorImpl.java:62)
at java.base/jdk.internal.reflect.DelegatingConstructorAccessorImpl.newInstance(DelegatingConstructorAccessorImpl.java:45)
at java.base/java.lang.reflect.Constructor.newInstance(Constructor.java:490)
at org.openqa.selenium.remote.codec.w3c.W3CHttpResponseCodec.createException(W3CHttpResponseCodec.java:200)
at org.openqa.selenium.remote.codec.w3c.W3CHttpResponseCodec.decode(W3CHttpResponseCodec.java:133)
at org.openqa.selenium.remote.codec.w3c.W3CHttpResponseCodec.decode(W3CHttpResponseCodec.java:53)
at org.openqa.selenium.remote.HttpCommandExecutor.execute(HttpCommandExecutor.java:184)
at org.openqa.selenium.remote.service.DriverCommandExecutor.invokeExecute(DriverCommandExecutor.java:167)
at org.openqa.selenium.remote.service.DriverCommandExecutor.execute(DriverCommandExecutor.java:142)
at org.openqa.selenium.remote.RemoteWebDriver.execute(RemoteWebDriver.java:535)
at org.openqa.selenium.remote.RemoteWebElement.execute(RemoteWebElement.java:257)
at org.openqa.selenium.remote.RemoteWebElement.click(RemoteWebElement.java:78)
at Testcases.Login(Testcases.java:59)
at java.base/jdk.internal.reflect.NativeMethodAccessorImpl.invoke0(Native Method)
at java.base/jdk.internal.reflect.NativeMethodAccessorImpl.invoke(NativeMethodAccessorImpl.java:62)
at java.base/jdk.internal.reflect.DelegatingMethodAccessorImpl.invoke(DelegatingMethodAccessorImpl.java:43)
at java.base/java.lang.reflect.Method.invoke(Method.java:566)
at org.testng.internal.invokers.MethodInvocationHelper.invokeMethod(MethodInvocationHelper.java:139)
at org.testng.internal.invokers.TestInvoker.invokeMethod(TestInvoker.java:677)
at org.testng.internal.invokers.TestInvoker.invokeTestMethod(TestInvoker.java:221)
at org.testng.internal.invokers.MethodRunner.runInSequence(MethodRunner.java:50)
at org.testng.internal.invokers.TestInvoker$MethodInvocationAgent.invoke(TestInvoker.java:969)
at org.testng.internal.invokers.TestInvoker.invokeTestMethods(TestInvoker.java:194)
at org.testng.internal.invokers.TestMethodWorker.invokeTestMethods(TestMethodWorker.java:148)
at org.testng.internal.invokers.TestMethodWorker.run(TestMethodWorker.java:128)
at java.base/java.util.ArrayList.forEach(ArrayList.java:1541)
at org.testng.TestRunner.privateRun(TestRunner.java:829)
at org.testng.TestRunner.run(TestRunner.java:602)
at org.testng.SuiteRunner.runTest(SuiteRunner.java:437)
at org.testng.SuiteRunner.runSequentially(SuiteRunner.java:431)
at org.testng.SuiteRunner.privateRun(SuiteRunner.java:391)
at org.testng.SuiteRunner.run(SuiteRunner.java:330)
at org.testng.SuiteRunnerWorker.runSuite(SuiteRunnerWorker.java:52)
at org.testng.SuiteRunnerWorker.run(SuiteRunnerWorker.java:95)
at org.testng.TestNG.runSuitesSequentially(TestNG.java:1256)
at org.testng.TestNG.runSuitesLocally(TestNG.java:1176)
at org.testng.TestNG.runSuites(TestNG.java:1099)
at org.testng.TestNG.run(TestNG.java:1067)
at com.intellij.rt.testng.IDEARemoteTestNG.run(IDEARemoteTestNG.java:66)
at com.intellij.rt.testng.RemoteTestNGStarter.main(RemoteTestNGStarter.java:109)
]]>
            </full-stacktrace>
          </exception> <!-- org.openqa.selenium.TimeoutException -->
          <reporter-output>
            <line>
              <![CDATA[TestCase started.... Login]]>
            </line>
            <line>
              <![CDATA[Clicking on the login element in the main page]]>
            </line>
            <line>
              <![CDATA[Entering the email/Mobile]]>
            </line>
            <line>
              <![CDATA[Clicking Continue button]]>
            </line>
            <line>
              <![CDATA[TestCase skipped.... Login]]>
            </line>
          </reporter-output>
        </test-method> <!-- Login -->
        <test-method signature="Login()[pri:0, instance:Testcases@5f8edcc5]" started-at="2023-01-31T13:43:52 IST" name="Login" finished-at="2023-01-31T13:44:15 IST" duration-ms="22474" status="PASS">
          <reporter-output>
            <line>
              <![CDATA[TestCase started.... Login]]>
            </line>
            <line>
              <![CDATA[Clicking on the login element in the main page]]>
            </line>
            <line>
              <![CDATA[Entering the email/Mobile]]>
            </line>
            <line>
              <![CDATA[Clicking Continue button]]>
            </line>
            <line>
              <![CDATA[entering the password]]>
            </line>
            <line>
              <![CDATA[Clicking login button]]>
            </line>
            <line>
              <![CDATA[Logged in successfully and Welcome message verified]]>
            </line>
            <line>
              <![CDATA[TestCase Passed..... Login]]>
            </line>
          </reporter-output>
        </test-method> <!-- Login -->
        <test-method signature="searchItem()[pri:1, instance:Testcases@5f8edcc5]" started-at="2023-01-31T13:44:15 IST" name="searchItem" finished-at="2023-01-31T13:44:18 IST" duration-ms="3013" status="PASS">
          <reporter-output>
            <line>
              <![CDATA[TestCase started.... searchItem]]>
            </line>
            <line>
              <![CDATA[Searching Apple iphone by entering text in Search box ]]>
            </line>
            <line>
              <![CDATA[Clicking on search Icon ]]>
            </line>
            <line>
              <![CDATA[Clicking on search Item ]]>
            </line>
            <line>
              <![CDATA[Verifying search item displayed on screen]]>
            </line>
            <line>
              <![CDATA[TestCase Passed..... searchItem]]>
            </line>
          </reporter-output>
        </test-method> <!-- searchItem -->
        <test-method signature="addToCart()[pri:2, instance:Testcases@5f8edcc5]" started-at="2023-01-31T13:44:18 IST" name="addToCart" finished-at="2023-01-31T13:44:23 IST" duration-ms="5347" status="PASS">
          <reporter-output>
            <line>
              <![CDATA[TestCase started.... addToCart]]>
            </line>
            <line>
              <![CDATA[Clicking on add To cart Button ]]>
            </line>
            <line>
              <![CDATA[Verifying addToCart button displayed on screen]]>
            </line>
            <line>
              <![CDATA[TestCase Passed..... addToCart]]>
            </line>
          </reporter-output>
        </test-method> <!-- addToCart -->
        <test-method signature="checkOut()[pri:3, instance:Testcases@5f8edcc5]" started-at="2023-01-31T13:44:23 IST" name="checkOut" finished-at="2023-01-31T13:44:26 IST" duration-ms="2922" status="PASS">
          <reporter-output>
            <line>
              <![CDATA[TestCase started.... checkOut]]>
            </line>
            <line>
              <![CDATA[Verifying checkOut button displayed on screen]]>
            </line>
            <line>
              <![CDATA[Clicking on checkOut Button ]]>
            </line>
            <line>
              <![CDATA[TestCase Passed..... checkOut]]>
            </line>
          </reporter-output>
        </test-method> <!-- checkOut -->
        <test-method signature="verifyCartProductSameAsSelected()[pri:4, instance:Testcases@5f8edcc5]" started-at="2023-01-31T13:44:26 IST" name="verifyCartProductSameAsSelected" finished-at="2023-01-31T13:44:29 IST" duration-ms="3287" status="PASS">
          <reporter-output>
            <line>
              <![CDATA[TestCase started.... verifyCartProductSameAsSelected]]>
            </line>
            <line>
              <![CDATA[Verifying cart item name same as selected]]>
            </line>
            <line>
              <![CDATA[TestCase Passed..... verifyCartProductSameAsSelected]]>
            </line>
          </reporter-output>
        </test-method> <!-- verifyCartProductSameAsSelected -->
        <test-method signature="addMultipleItemsSameProduct()[pri:5, instance:Testcases@5f8edcc5]" started-at="2023-01-31T13:44:29 IST" name="addMultipleItemsSameProduct" finished-at="2023-01-31T13:44:43 IST" duration-ms="13277" status="PASS">
          <reporter-output>
            <line>
              <![CDATA[TestCase started.... addMultipleItemsSameProduct]]>
            </line>
            <line>
              <![CDATA[Apple iphone added to the cart]]>
            </line>
            <line>
              <![CDATA[Apple iphone added to the cart again]]>
            </line>
            <line>
              <![CDATA[Verifying Apple iphone quantity is greater than 1]]>
            </line>
            <line>
              <![CDATA[TestCase Passed..... addMultipleItemsSameProduct]]>
            </line>
          </reporter-output>
        </test-method> <!-- addMultipleItemsSameProduct -->
        <test-method signature="editQuantityOfProduct()[pri:6, instance:Testcases@5f8edcc5]" started-at="2023-01-31T13:44:43 IST" name="editQuantityOfProduct" finished-at="2023-01-31T13:44:43 IST" duration-ms="271" status="PASS">
          <reporter-output>
            <line>
              <![CDATA[TestCase started.... editQuantityOfProduct]]>
            </line>
            <line>
              <![CDATA[Quantity of Apple iphone changed]]>
            </line>
            <line>
              <![CDATA[Verifying Apple iphone quantity is changed to 4]]>
            </line>
            <line>
              <![CDATA[TestCase Passed..... editQuantityOfProduct]]>
            </line>
          </reporter-output>
        </test-method> <!-- editQuantityOfProduct -->
        <test-method signature="addMultipleItemsDifferentProduct()[pri:7, instance:Testcases@5f8edcc5]" started-at="2023-01-31T13:44:43 IST" name="addMultipleItemsDifferentProduct" finished-at="2023-01-31T13:44:57 IST" duration-ms="14459" status="PASS">
          <reporter-output>
            <line>
              <![CDATA[TestCase started.... addMultipleItemsDifferentProduct]]>
            </line>
            <line>
              <![CDATA[Searching Lenovo 600]]>
            </line>
            <line>
              <![CDATA[Lenovo 600 added to the cart]]>
            </line>
            <line>
              <![CDATA[Verifying Apple iphone present in the cart]]>
            </line>
            <line>
              <![CDATA[Verifying Lenovo 600 present in the cart]]>
            </line>
            <line>
              <![CDATA[TestCase Passed..... addMultipleItemsDifferentProduct]]>
            </line>
          </reporter-output>
        </test-method> <!-- addMultipleItemsDifferentProduct -->
        <test-method signature="DeleteMultipleItemsDifferentProduct()[pri:8, instance:Testcases@5f8edcc5]" started-at="2023-01-31T13:44:57 IST" name="DeleteMultipleItemsDifferentProduct" finished-at="2023-01-31T13:44:59 IST" duration-ms="1308" status="PASS">
          <reporter-output>
            <line>
              <![CDATA[TestCase started.... DeleteMultipleItemsDifferentProduct]]>
            </line>
            <line>
              <![CDATA[Clicking on delete button for Lenovo 600]]>
            </line>
            <line>
              <![CDATA[Verifying Lenovo 600 removed from the cart]]>
            </line>
            <line>
              <![CDATA[Clicking on delete button for Apple iphone]]>
            </line>
            <line>
              <![CDATA[Verifying Apple iPhone 13 removed from cart]]>
            </line>
            <line>
              <![CDATA[TestCase Passed..... DeleteMultipleItemsDifferentProduct]]>
            </line>
          </reporter-output>
        </test-method> <!-- DeleteMultipleItemsDifferentProduct -->
        <test-method signature="deleteSingleItem()[pri:9, instance:Testcases@5f8edcc5]" started-at="2023-01-31T13:44:59 IST" name="deleteSingleItem" finished-at="2023-01-31T13:45:12 IST" duration-ms="13030" status="PASS">
          <reporter-output>
            <line>
              <![CDATA[TestCase started.... deleteSingleItem]]>
            </line>
            <line>
              <![CDATA[Clicking on delete button for Apple iphone]]>
            </line>
            <line>
              <![CDATA[Verifying Apple iPhone 13 removed from cart]]>
            </line>
            <line>
              <![CDATA[TestCase Passed..... deleteSingleItem]]>
            </line>
          </reporter-output>
        </test-method> <!-- deleteSingleItem -->
        <test-method is-config="true" signature="teardown()[pri:0, instance:Testcases@5f8edcc5]" started-at="2023-01-31T13:45:12 IST" name="teardown" finished-at="2023-01-31T13:45:13 IST" duration-ms="1398" status="PASS">
          <reporter-output>
          </reporter-output>
        </test-method> <!-- teardown -->
      </class> <!-- Testcases -->
    </test> <!-- C:/Users/CR876AU/Flight_System_Validations/src/main/java/Testcases.java -->
  </suite> <!-- TestSuite -->
</testng-results>
